  [1m[35m (4.6ms)[0m  [1m[34mSELECT sqlite_version(*)[0m
  [1m[35m (1.6ms)[0m  [1m[34mSELECT sqlite_version(*)[0m
  [1m[35m (2.1ms)[0m  [1m[35mCREATE TABLE "schema_migrations" ("version" varchar NOT NULL PRIMARY KEY)[0m
  [1m[35m (2.0ms)[0m  [1m[35mCREATE TABLE "ar_internal_metadata" ("key" varchar NOT NULL PRIMARY KEY, "value" varchar, "created_at" datetime(6) NOT NULL, "updated_at" datetime(6) NOT NULL)[0m
  [1m[35m (0.2ms)[0m  [1m[34mSELECT "schema_migrations"."version" FROM "schema_migrations" ORDER BY "schema_migrations"."version" ASC[0m
Migrating to CreateBooks (20200727043609)
  [1m[35m (0.1ms)[0m  [1m[36mbegin transaction[0m
  [1m[35m (0.7ms)[0m  [1m[35mCREATE TABLE "books" ("id" integer PRIMARY KEY AUTOINCREMENT NOT NULL, "title" varchar, "language" varchar, "year" integer, "created_at" datetime(6) NOT NULL, "updated_at" datetime(6) NOT NULL)[0m
  [1m[36mprimary::SchemaMigration Create (0.3ms)[0m  [1m[32mINSERT INTO "schema_migrations" ("version") VALUES (?)[0m  [["version", "20200727043609"]]
  [1m[35m (1.5ms)[0m  [1m[36mcommit transaction[0m
Migrating to CreateChapters (20200727043632)
  [1m[35m (0.1ms)[0m  [1m[36mbegin transaction[0m
  [1m[35m (0.9ms)[0m  [1m[35mCREATE TABLE "chapters" ("id" integer PRIMARY KEY AUTOINCREMENT NOT NULL, "title" varchar, "description" varchar, "notes" varchar, "book_id" integer, "created_at" datetime(6) NOT NULL, "updated_at" datetime(6) NOT NULL, CONSTRAINT "fk_rails_71ecfd0b86"
FOREIGN KEY ("book_id")
  REFERENCES "books" ("id")
)[0m
  [1m[35m (0.3ms)[0m  [1m[35mCREATE  INDEX "index_chapters_on_book_id" ON "chapters" ("book_id")[0m
  [1m[36mprimary::SchemaMigration Create (0.2ms)[0m  [1m[32mINSERT INTO "schema_migrations" ("version") VALUES (?)[0m  [["version", "20200727043632"]]
  [1m[35m (1.9ms)[0m  [1m[36mcommit transaction[0m
Migrating to CreatePages (20200727043653)
  [1m[35m (0.1ms)[0m  [1m[36mbegin transaction[0m
  [1m[35m (0.6ms)[0m  [1m[35mCREATE TABLE "pages" ("id" integer PRIMARY KEY AUTOINCREMENT NOT NULL, "src_img" varchar, "chapter_id" integer, "created_at" datetime(6) NOT NULL, "updated_at" datetime(6) NOT NULL, CONSTRAINT "fk_rails_f0e8ea3c93"
FOREIGN KEY ("chapter_id")
  REFERENCES "chapters" ("id")
)[0m
  [1m[35m (0.3ms)[0m  [1m[35mCREATE  INDEX "index_pages_on_chapter_id" ON "pages" ("chapter_id")[0m
  [1m[36mprimary::SchemaMigration Create (0.3ms)[0m  [1m[32mINSERT INTO "schema_migrations" ("version") VALUES (?)[0m  [["version", "20200727043653"]]
  [1m[35m (1.9ms)[0m  [1m[36mcommit transaction[0m
Migrating to CreateEntries (20200727044053)
  [1m[35m (0.1ms)[0m  [1m[36mbegin transaction[0m
  [1m[35m (0.6ms)[0m  [1m[35mCREATE TABLE "entries" ("id" integer PRIMARY KEY AUTOINCREMENT NOT NULL, "lexeme" varchar, "dialects" varchar, "pos" varchar, "gloss" varchar, "notes" varchar, "page_id" integer, "created_at" datetime(6) NOT NULL, "updated_at" datetime(6) NOT NULL, CONSTRAINT "fk_rails_6e170a19af"
FOREIGN KEY ("page_id")
  REFERENCES "pages" ("id")
)[0m
  [1m[35m (0.2ms)[0m  [1m[35mCREATE  INDEX "index_entries_on_page_id" ON "entries" ("page_id")[0m
  [1m[36mprimary::SchemaMigration Create (0.3ms)[0m  [1m[32mINSERT INTO "schema_migrations" ("version") VALUES (?)[0m  [["version", "20200727044053"]]
  [1m[35m (1.5ms)[0m  [1m[36mcommit transaction[0m
  [1m[36mActiveRecord::InternalMetadata Load (0.3ms)[0m  [1m[34mSELECT "ar_internal_metadata".* FROM "ar_internal_metadata" WHERE "ar_internal_metadata"."key" = ? LIMIT ?[0m  [["key", "environment"], ["LIMIT", 1]]
  [1m[35m (0.1ms)[0m  [1m[36mbegin transaction[0m
  [1m[36mActiveRecord::InternalMetadata Create (0.7ms)[0m  [1m[32mINSERT INTO "ar_internal_metadata" ("key", "value", "created_at", "updated_at") VALUES (?, ?, ?, ?)[0m  [["key", "environment"], ["value", "development"], ["created_at", "2020-07-27 04:59:50.874726"], ["updated_at", "2020-07-27 04:59:50.874726"]]
  [1m[35m (3.9ms)[0m  [1m[36mcommit transaction[0m
  [1m[35m (0.1ms)[0m  [1m[34mSELECT sqlite_version(*)[0m
  [1m[35m (0.3ms)[0m  [1m[34mSELECT "schema_migrations"."version" FROM "schema_migrations" ORDER BY "schema_migrations"."version" ASC[0m
  [1m[35m (1.1ms)[0m  [1m[34mSELECT sqlite_version(*)[0m
  [1m[35m (0.1ms)[0m  [1m[36mbegin transaction[0m
  [1m[36mBook Create (0.6ms)[0m  [1m[32mINSERT INTO "books" ("title", "language", "year", "created_at", "updated_at") VALUES (?, ?, ?, ?, ?)[0m  [["title", "A Coptic Dictionary"], ["language", "Coptic"], ["year", 1939], ["created_at", "2020-07-27 05:00:39.224545"], ["updated_at", "2020-07-27 05:00:39.224545"]]
  [1m[35m (2.5ms)[0m  [1m[36mcommit transaction[0m
  [1m[36mBook Load (0.7ms)[0m  [1m[34mSELECT "books".* FROM "books" ORDER BY "books"."id" ASC LIMIT ?[0m  [["LIMIT", 1]]
  [1m[36mBook Load (0.4ms)[0m  [1m[34mSELECT "books".* FROM "books" LIMIT ?[0m  [["LIMIT", 11]]
  [1m[35m (0.1ms)[0m  [1m[36mbegin transaction[0m
  [1m[36mBook Load (0.3ms)[0m  [1m[34mSELECT "books".* FROM "books" WHERE "books"."id" = ? LIMIT ?[0m  [["id", 1], ["LIMIT", 1]]
  [1m[36mChapter Create (2.1ms)[0m  [1m[32mINSERT INTO "chapters" ("title", "book_id", "created_at", "updated_at") VALUES (?, ?, ?, ?)[0m  [["title", "c"], ["book_id", 1], ["created_at", "2020-07-27 05:03:10.692980"], ["updated_at", "2020-07-27 05:03:10.692980"]]
  [1m[35m (1.2ms)[0m  [1m[36mcommit transaction[0m
  [1m[36mBook Load (0.4ms)[0m  [1m[34mSELECT "books".* FROM "books" ORDER BY "books"."id" ASC LIMIT ?[0m  [["LIMIT", 1]]
  [1m[36mChapter Load (0.4ms)[0m  [1m[34mSELECT "chapters".* FROM "chapters" WHERE "chapters"."book_id" = ? LIMIT ?[0m  [["book_id", 1], ["LIMIT", 11]]
  [1m[35m (1.4ms)[0m  [1m[34mSELECT sqlite_version(*)[0m
  [1m[35m (0.5ms)[0m  [1m[34mSELECT "schema_migrations"."version" FROM "schema_migrations" ORDER BY "schema_migrations"."version" ASC[0m
Migrating to AddPageNumberToPage (20200727050451)
  [1m[35m (0.1ms)[0m  [1m[36mbegin transaction[0m
  [1m[35m (0.8ms)[0m  [1m[35mALTER TABLE "pages" ADD "pagination" integer[0m
  [1m[36mprimary::SchemaMigration Create (0.7ms)[0m  [1m[32mINSERT INTO "schema_migrations" ("version") VALUES (?)[0m  [["version", "20200727050451"]]
  [1m[35m (1.1ms)[0m  [1m[36mcommit transaction[0m
  [1m[36mActiveRecord::InternalMetadata Load (0.8ms)[0m  [1m[34mSELECT "ar_internal_metadata".* FROM "ar_internal_metadata" WHERE "ar_internal_metadata"."key" = ? LIMIT ?[0m  [["key", "environment"], ["LIMIT", 1]]
  [1m[35m (0.2ms)[0m  [1m[34mSELECT sqlite_version(*)[0m
  [1m[35m (0.1ms)[0m  [1m[34mSELECT "schema_migrations"."version" FROM "schema_migrations" ORDER BY "schema_migrations"."version" ASC[0m
  [1m[35m (1.2ms)[0m  [1m[34mSELECT sqlite_version(*)[0m
  [1m[35m (0.1ms)[0m  [1m[36mbegin transaction[0m
  [1m[36mChapter Load (0.3ms)[0m  [1m[34mSELECT "chapters".* FROM "chapters" WHERE "chapters"."id" = ? LIMIT ?[0m  [["id", 1], ["LIMIT", 1]]
  [1m[36mPage Create (0.7ms)[0m  [1m[32mINSERT INTO "pages" ("chapter_id", "created_at", "updated_at", "pagination") VALUES (?, ?, ?, ?)[0m  [["chapter_id", 1], ["created_at", "2020-07-27 05:07:03.602626"], ["updated_at", "2020-07-27 05:07:03.602626"], ["pagination", 516]]
  [1m[35m (1.3ms)[0m  [1m[36mcommit transaction[0m
  [1m[36mPage Load (0.4ms)[0m  [1m[34mSELECT "pages".* FROM "pages" LIMIT ?[0m  [["LIMIT", 11]]
  [1m[36mPage Load (0.3ms)[0m  [1m[34mSELECT "pages".* FROM "pages" ORDER BY "pages"."id" ASC LIMIT ?[0m  [["LIMIT", 1]]
  [1m[36mPage Load (0.3ms)[0m  [1m[34mSELECT "pages".* FROM "pages" ORDER BY "pages"."id" ASC LIMIT ?[0m  [["LIMIT", 1]]
  [1m[36mChapter Load (0.4ms)[0m  [1m[34mSELECT "chapters".* FROM "chapters" WHERE "chapters"."id" = ? LIMIT ?[0m  [["id", 1], ["LIMIT", 1]]
  [1m[36mBook Load (0.6ms)[0m  [1m[34mSELECT "books".* FROM "books" WHERE "books"."id" = ? LIMIT ?[0m  [["id", 1], ["LIMIT", 1]]
  [1m[35m (0.1ms)[0m  [1m[36mbegin transaction[0m
  [1m[36mPage Load (1.0ms)[0m  [1m[34mSELECT "pages".* FROM "pages" WHERE "pages"."id" = ? LIMIT ?[0m  [["id", 1], ["LIMIT", 1]]
  [1m[36mEntry Create (2.5ms)[0m  [1m[32mINSERT INTO "entries" ("lexeme", "page_id", "created_at", "updated_at") VALUES (?, ?, ?, ?)[0m  [["lexeme", "c"], ["page_id", 1], ["created_at", "2020-07-27 05:08:41.203921"], ["updated_at", "2020-07-27 05:08:41.203921"]]
  [1m[35m (3.5ms)[0m  [1m[36mcommit transaction[0m
  [1m[35m (1.6ms)[0m  [1m[34mSELECT sqlite_version(*)[0m
  [1m[35m (0.6ms)[0m  [1m[34mSELECT "schema_migrations"."version" FROM "schema_migrations" ORDER BY "schema_migrations"."version" ASC[0m
Migrating to AddCrossReferenceToEntry (20200727051229)
  [1m[35m (0.1ms)[0m  [1m[36mbegin transaction[0m
  [1m[35m (2.2ms)[0m  [1m[35mALTER TABLE "entries" ADD "reference" varchar[0m
  [1m[36mprimary::SchemaMigration Create (0.8ms)[0m  [1m[32mINSERT INTO "schema_migrations" ("version") VALUES (?)[0m  [["version", "20200727051229"]]
  [1m[35m (1.1ms)[0m  [1m[36mcommit transaction[0m
  [1m[36mActiveRecord::InternalMetadata Load (0.8ms)[0m  [1m[34mSELECT "ar_internal_metadata".* FROM "ar_internal_metadata" WHERE "ar_internal_metadata"."key" = ? LIMIT ?[0m  [["key", "environment"], ["LIMIT", 1]]
  [1m[35m (0.1ms)[0m  [1m[34mSELECT sqlite_version(*)[0m
  [1m[35m (0.3ms)[0m  [1m[34mSELECT "schema_migrations"."version" FROM "schema_migrations" ORDER BY "schema_migrations"."version" ASC[0m
  [1m[35m (0.8ms)[0m  [1m[34mSELECT sqlite_version(*)[0m
  [1m[35m (0.1ms)[0m  [1m[36mbegin transaction[0m
  [1m[36mPage Load (0.3ms)[0m  [1m[34mSELECT "pages".* FROM "pages" WHERE "pages"."id" = ? LIMIT ?[0m  [["id", 1], ["LIMIT", 1]]
  [1m[36mEntry Create (0.8ms)[0m  [1m[32mINSERT INTO "entries" ("lexeme", "dialects", "pos", "page_id", "created_at", "updated_at", "reference") VALUES (?, ?, ?, ?, ?, ?, ?)[0m  [["lexeme", "cbob"], ["dialects", "Bohairic"], ["pos", "verb"], ["page_id", 1], ["created_at", "2020-07-27 05:15:41.349991"], ["updated_at", "2020-07-27 05:15:41.349991"], ["reference", "kbo"]]
  [1m[35m (1.3ms)[0m  [1m[36mcommit transaction[0m
Started GET "/" for ::1 at 2020-07-27 01:16:44 -0400
  [1m[35m (1.4ms)[0m  [1m[34mSELECT sqlite_version(*)[0m
  [1m[35m (0.8ms)[0m  [1m[34mSELECT "schema_migrations"."version" FROM "schema_migrations" ORDER BY "schema_migrations"."version" ASC[0m
Processing by Rails::WelcomeController#index as HTML
  Rendering /Users/user/.rvm/gems/ruby-2.6.1/gems/railties-6.0.3.2/lib/rails/templates/rails/welcome/index.html.erb
  Rendered /Users/user/.rvm/gems/ruby-2.6.1/gems/railties-6.0.3.2/lib/rails/templates/rails/welcome/index.html.erb (Duration: 15.1ms | Allocations: 480)
Completed 200 OK in 51ms (Views: 23.8ms | ActiveRecord: 0.0ms | Allocations: 2868)


Started GET "/books" for ::1 at 2020-07-27 01:16:47 -0400
Processing by BooksController#index as HTML
  Rendering books/index.html.erb within layouts/application
  [1m[36mBook Load (0.9ms)[0m  [1m[34mSELECT "books".* FROM "books"[0m
  ↳ app/views/books/index.html.erb:16
  Rendered books/index.html.erb within layouts/application (Duration: 62.0ms | Allocations: 6140)
[Webpacker] Compiling...
[Webpacker] Compiled all packs in /Users/user/Development/projects/crum/crums-coptic-dictionary-db/public/packs
[Webpacker] Hash: 15d1bb7b54cf6326b9ba
Version: webpack 4.44.0
Time: 6556ms
Built at: 07/27/2020 1:17:00 AM
                                     Asset       Size       Chunks                         Chunk Names
    js/application-9afcbb5693aa87623e69.js    124 KiB  application  [emitted] [immutable]  application
js/application-9afcbb5693aa87623e69.js.map    139 KiB  application  [emitted] [dev]        application
                             manifest.json  364 bytes               [emitted]              
Entrypoint application = js/application-9afcbb5693aa87623e69.js js/application-9afcbb5693aa87623e69.js.map
[./app/javascript/channels sync recursive _channel\.js$] ./app/javascript/channels sync _channel\.js$ 160 bytes {application} [built]
[./app/javascript/channels/index.js] 211 bytes {application} [built]
[./app/javascript/packs/application.js] 749 bytes {application} [built]
[./node_modules/webpack/buildin/module.js] (webpack)/buildin/module.js 552 bytes {application} [built]
    + 3 hidden modules

Completed 200 OK in 12855ms (Views: 12830.0ms | ActiveRecord: 7.9ms | Allocations: 41925)


Started GET "/enty" for ::1 at 2020-07-27 01:18:40 -0400
  
ActionController::RoutingError (No route matches [GET] "/enty"):
  
actionpack (6.0.3.2) lib/action_dispatch/middleware/debug_exceptions.rb:36:in `call'
web-console (4.0.4) lib/web_console/middleware.rb:132:in `call_app'
web-console (4.0.4) lib/web_console/middleware.rb:28:in `block in call'
web-console (4.0.4) lib/web_console/middleware.rb:17:in `catch'
web-console (4.0.4) lib/web_console/middleware.rb:17:in `call'
actionpack (6.0.3.2) lib/action_dispatch/middleware/show_exceptions.rb:33:in `call'
railties (6.0.3.2) lib/rails/rack/logger.rb:37:in `call_app'
railties (6.0.3.2) lib/rails/rack/logger.rb:26:in `block in call'
activesupport (6.0.3.2) lib/active_support/tagged_logging.rb:80:in `block in tagged'
activesupport (6.0.3.2) lib/active_support/tagged_logging.rb:28:in `tagged'
activesupport (6.0.3.2) lib/active_support/tagged_logging.rb:80:in `tagged'
railties (6.0.3.2) lib/rails/rack/logger.rb:26:in `call'
sprockets-rails (3.2.1) lib/sprockets/rails/quiet_assets.rb:13:in `call'
actionpack (6.0.3.2) lib/action_dispatch/middleware/remote_ip.rb:81:in `call'
actionpack (6.0.3.2) lib/action_dispatch/middleware/request_id.rb:27:in `call'
rack (2.2.3) lib/rack/method_override.rb:24:in `call'
rack (2.2.3) lib/rack/runtime.rb:22:in `call'
activesupport (6.0.3.2) lib/active_support/cache/strategy/local_cache_middleware.rb:29:in `call'
actionpack (6.0.3.2) lib/action_dispatch/middleware/executor.rb:14:in `call'
actionpack (6.0.3.2) lib/action_dispatch/middleware/static.rb:126:in `call'
rack (2.2.3) lib/rack/sendfile.rb:110:in `call'
actionpack (6.0.3.2) lib/action_dispatch/middleware/host_authorization.rb:82:in `call'
webpacker (4.2.2) lib/webpacker/dev_server_proxy.rb:23:in `perform_request'
rack-proxy (0.6.5) lib/rack/proxy.rb:57:in `call'
railties (6.0.3.2) lib/rails/engine.rb:527:in `call'
puma (4.3.5) lib/puma/configuration.rb:228:in `call'
puma (4.3.5) lib/puma/server.rb:713:in `handle_request'
puma (4.3.5) lib/puma/server.rb:472:in `process_client'
puma (4.3.5) lib/puma/server.rb:328:in `block in run'
puma (4.3.5) lib/puma/thread_pool.rb:134:in `block in spawn_thread'
Started GET "/entries" for ::1 at 2020-07-27 01:18:46 -0400
Processing by EntriesController#index as HTML
  Rendering entries/index.html.erb within layouts/application
  [1m[36mEntry Load (6.8ms)[0m  [1m[34mSELECT "entries".* FROM "entries"[0m
  ↳ app/views/entries/index.html.erb:18
  Rendered entries/index.html.erb within layouts/application (Duration: 56.5ms | Allocations: 8098)
[Webpacker] Everything's up-to-date. Nothing to do
Completed 200 OK in 99ms (Views: 78.5ms | ActiveRecord: 8.7ms | Allocations: 13683)


Started GET "/books" for ::1 at 2020-07-27 01:19:16 -0400
  [1m[35m (0.1ms)[0m  [1m[34mSELECT sqlite_version(*)[0m
Processing by BooksController#index as HTML
[active_model_serializers] Rendered ActiveModel::Serializer::Null with Class (0.1ms)
Completed 200 OK in 30ms (Views: 17.3ms | ActiveRecord: 0.0ms | Allocations: 5914)


Started GET "/books" for ::1 at 2020-07-27 01:19:26 -0400
  [1m[35m (0.1ms)[0m  [1m[34mSELECT sqlite_version(*)[0m
Processing by BooksController#index as HTML
  [1m[36mBook Load (1.0ms)[0m  [1m[34mSELECT "books".* FROM "books"[0m
  ↳ app/controllers/books_controller.rb:8:in `index'
Completed 500 Internal Server Error in 28ms (ActiveRecord: 2.0ms | Allocations: 8185)


  
SyntaxError (/Users/user/Development/projects/crum/crums-coptic-dictionary-db/app/serializers/book_serializer.rb:4: syntax error, unexpected tSYMBEG, expecting do or '{' or '('
  has_many :pages, through: :chapters
           ^):
  
app/serializers/book_serializer.rb:4: syntax error, unexpected tSYMBEG, expecting do or '{' or '('
app/serializers/book_serializer.rb:4: syntax error, unexpected tSYMBEG, expecting do or '{' or '('
app/serializers/book_serializer.rb:4: syntax error, unexpected tSYMBEG, expecting do or '{' or '('
app/controllers/books_controller.rb:8:in `index'
Started GET "/books" for ::1 at 2020-07-27 01:21:23 -0400
  [1m[35m (0.1ms)[0m  [1m[34mSELECT sqlite_version(*)[0m
Processing by BooksController#index as HTML
  [1m[36mBook Load (1.9ms)[0m  [1m[34mSELECT "books".* FROM "books"[0m
  ↳ app/controllers/books_controller.rb:8:in `index'
Completed 500 Internal Server Error in 38ms (ActiveRecord: 4.1ms | Allocations: 8093)


  
TypeError (no implicit conversion of Symbol into Integer):
  
app/serializers/book_serializer.rb:3:in `[]'
app/serializers/book_serializer.rb:3:in `<class:BookSerializer>'
app/serializers/book_serializer.rb:1:in `<main>'
app/controllers/books_controller.rb:8:in `index'
Started GET "/books" for ::1 at 2020-07-27 01:26:09 -0400
  [1m[35m (1.5ms)[0m  [1m[34mSELECT sqlite_version(*)[0m
  [1m[35m (0.8ms)[0m  [1m[34mSELECT "schema_migrations"."version" FROM "schema_migrations" ORDER BY "schema_migrations"."version" ASC[0m
Processing by BooksController#index as HTML
  [1m[36mBook Load (0.5ms)[0m  [1m[34mSELECT "books".* FROM "books"[0m
  ↳ app/controllers/books_controller.rb:8:in `index'
[active_model_serializers]   [1m[36mChapter Load (0.9ms)[0m  [1m[34mSELECT "chapters".* FROM "chapters" WHERE "chapters"."book_id" = ?[0m  [["book_id", 1]]
[active_model_serializers]   ↳ app/controllers/books_controller.rb:8:in `index'
[active_model_serializers] Rendered ActiveModel::Serializer::CollectionSerializer with ActiveModelSerializers::Adapter::Attributes (55.02ms)
Completed 200 OK in 158ms (Views: 140.4ms | ActiveRecord: 4.3ms | Allocations: 26483)


Started GET "/entries" for ::1 at 2020-07-27 01:26:18 -0400
Processing by EntriesController#index as HTML
  Rendering entries/index.html.erb within layouts/application
  [1m[36mEntry Load (0.8ms)[0m  [1m[34mSELECT "entries".* FROM "entries"[0m
  ↳ app/views/entries/index.html.erb:18
  Rendered entries/index.html.erb within layouts/application (Duration: 64.1ms | Allocations: 8139)
[Webpacker] Everything's up-to-date. Nothing to do
Completed 200 OK in 154ms (Views: 130.3ms | ActiveRecord: 3.8ms | Allocations: 17801)


Started GET "/entries/new" for ::1 at 2020-07-27 01:26:32 -0400
Processing by EntriesController#new as HTML
  Rendering entries/new.html.erb within layouts/application
  Rendered entries/_form.html.erb (Duration: 58.9ms | Allocations: 7887)
  Rendered entries/new.html.erb within layouts/application (Duration: 63.2ms | Allocations: 8240)
[Webpacker] Everything's up-to-date. Nothing to do
Completed 200 OK in 79ms (Views: 75.7ms | ActiveRecord: 0.0ms | Allocations: 12503)


Started GET "/entries" for ::1 at 2020-07-27 01:26:37 -0400
Processing by EntriesController#index as HTML
  Rendering entries/index.html.erb within layouts/application
  [1m[36mEntry Load (0.2ms)[0m  [1m[34mSELECT "entries".* FROM "entries"[0m
  ↳ app/views/entries/index.html.erb:18
  Rendered entries/index.html.erb within layouts/application (Duration: 1.8ms | Allocations: 918)
[Webpacker] Everything's up-to-date. Nothing to do
Completed 200 OK in 20ms (Views: 18.7ms | ActiveRecord: 0.2ms | Allocations: 5129)


Started GET "/books" for ::1 at 2020-07-27 01:26:55 -0400
Processing by BooksController#index as HTML
  [1m[36mBook Load (0.3ms)[0m  [1m[34mSELECT "books".* FROM "books"[0m
  ↳ app/controllers/books_controller.rb:8:in `index'
[active_model_serializers]   [1m[36mChapter Load (0.2ms)[0m  [1m[34mSELECT "chapters".* FROM "chapters" WHERE "chapters"."book_id" = ?[0m  [["book_id", 1]]
[active_model_serializers]   ↳ app/controllers/books_controller.rb:8:in `index'
[active_model_serializers] Rendered ActiveModel::Serializer::CollectionSerializer with ActiveModelSerializers::Adapter::Attributes (5.12ms)
Completed 200 OK in 10ms (Views: 8.0ms | ActiveRecord: 0.5ms | Allocations: 2865)


Started GET "/pages" for ::1 at 2020-07-27 01:27:04 -0400
Processing by PagesController#index as HTML
  Rendering pages/index.html.erb within layouts/application
  [1m[36mPage Load (1.2ms)[0m  [1m[34mSELECT "pages".* FROM "pages"[0m
  ↳ app/views/pages/index.html.erb:14
  Rendered pages/index.html.erb within layouts/application (Duration: 29.6ms | Allocations: 5132)
[Webpacker] Everything's up-to-date. Nothing to do
Completed 200 OK in 64ms (Views: 55.7ms | ActiveRecord: 2.6ms | Allocations: 10854)


Started GET "/books" for ::1 at 2020-07-27 01:27:45 -0400
  [1m[35m (0.1ms)[0m  [1m[34mSELECT sqlite_version(*)[0m
Processing by BooksController#index as HTML
  [1m[36mBook Load (0.6ms)[0m  [1m[34mSELECT "books".* FROM "books"[0m
  ↳ app/controllers/books_controller.rb:8:in `index'
[active_model_serializers]   [1m[36mChapter Load (1.1ms)[0m  [1m[34mSELECT "chapters".* FROM "chapters" WHERE "chapters"."book_id" = ?[0m  [["book_id", 1]]
[active_model_serializers]   ↳ app/controllers/books_controller.rb:8:in `index'
[active_model_serializers]   [1m[36mPage Load (1.5ms)[0m  [1m[34mSELECT "pages".* FROM "pages" INNER JOIN "chapters" ON "pages"."chapter_id" = "chapters"."id" WHERE "chapters"."book_id" = ?[0m  [["book_id", 1]]
[active_model_serializers]   ↳ app/controllers/books_controller.rb:8:in `index'
[active_model_serializers] Rendered ActiveModel::Serializer::CollectionSerializer with ActiveModelSerializers::Adapter::Attributes (107.43ms)
Completed 200 OK in 139ms (Views: 125.6ms | ActiveRecord: 7.5ms | Allocations: 28484)


Started GET "/books" for ::1 at 2020-07-27 01:28:02 -0400
  [1m[35m (0.1ms)[0m  [1m[34mSELECT sqlite_version(*)[0m
Processing by BooksController#index as HTML
  [1m[36mBook Load (0.8ms)[0m  [1m[34mSELECT "books".* FROM "books"[0m
  ↳ app/controllers/books_controller.rb:8:in `index'
[active_model_serializers]   [1m[36mChapter Load (0.9ms)[0m  [1m[34mSELECT "chapters".* FROM "chapters" WHERE "chapters"."book_id" = ?[0m  [["book_id", 1]]
[active_model_serializers]   ↳ app/controllers/books_controller.rb:8:in `index'
[active_model_serializers]   [1m[36mPage Load (0.9ms)[0m  [1m[34mSELECT "pages".* FROM "pages" INNER JOIN "chapters" ON "pages"."chapter_id" = "chapters"."id" WHERE "chapters"."book_id" = ?[0m  [["book_id", 1]]
[active_model_serializers]   ↳ app/controllers/books_controller.rb:8:in `index'
[active_model_serializers] Rendered ActiveModel::Serializer::CollectionSerializer with ActiveModelSerializers::Adapter::Attributes (104.44ms)
Completed 500 Internal Server Error in 129ms (ActiveRecord: 17.4ms | Allocations: 28293)


  
NoMethodError (undefined method `entries' for #<Book:0x00007fa25b959688>):
  
app/controllers/books_controller.rb:8:in `index'
Started GET "/books" for ::1 at 2020-07-27 01:28:19 -0400
  [1m[35m (0.1ms)[0m  [1m[34mSELECT sqlite_version(*)[0m
Processing by BooksController#index as HTML
  [1m[36mBook Load (0.3ms)[0m  [1m[34mSELECT "books".* FROM "books"[0m
  ↳ app/controllers/books_controller.rb:8:in `index'
[active_model_serializers]   [1m[36mChapter Load (0.2ms)[0m  [1m[34mSELECT "chapters".* FROM "chapters" WHERE "chapters"."book_id" = ?[0m  [["book_id", 1]]
[active_model_serializers]   ↳ app/controllers/books_controller.rb:8:in `index'
[active_model_serializers]   [1m[36mPage Load (0.9ms)[0m  [1m[34mSELECT "pages".* FROM "pages" INNER JOIN "chapters" ON "pages"."chapter_id" = "chapters"."id" WHERE "chapters"."book_id" = ?[0m  [["book_id", 1]]
[active_model_serializers]   ↳ app/controllers/books_controller.rb:8:in `index'
[active_model_serializers] Rendered ActiveModel::Serializer::CollectionSerializer with ActiveModelSerializers::Adapter::Attributes (59.07ms)
Completed 200 OK in 83ms (Views: 73.3ms | ActiveRecord: 5.0ms | Allocations: 26080)


Started GET "/chapters" for ::1 at 2020-07-27 01:29:22 -0400
  [1m[35m (0.1ms)[0m  [1m[34mSELECT sqlite_version(*)[0m
Processing by ChaptersController#index as HTML
  [1m[36mChapter Load (0.2ms)[0m  [1m[34mSELECT "chapters".* FROM "chapters"[0m
  ↳ app/controllers/chapters_controller.rb:9:in `index'
[active_model_serializers]   [1m[36mBook Load (0.2ms)[0m  [1m[34mSELECT "books".* FROM "books" WHERE "books"."id" = ? LIMIT ?[0m  [["id", 1], ["LIMIT", 1]]
[active_model_serializers]   ↳ app/controllers/chapters_controller.rb:9:in `index'
[active_model_serializers]   [1m[36mPage Load (0.3ms)[0m  [1m[34mSELECT "pages".* FROM "pages" WHERE "pages"."chapter_id" = ?[0m  [["chapter_id", 1]]
[active_model_serializers]   ↳ app/controllers/chapters_controller.rb:9:in `index'
[active_model_serializers]   [1m[36mEntry Load (1.3ms)[0m  [1m[34mSELECT "entries".* FROM "entries" INNER JOIN "pages" ON "entries"."page_id" = "pages"."id" WHERE "pages"."chapter_id" = ?[0m  [["chapter_id", 1]]
[active_model_serializers]   ↳ app/controllers/chapters_controller.rb:9:in `index'
[active_model_serializers] Rendered ActiveModel::Serializer::CollectionSerializer with ActiveModelSerializers::Adapter::Attributes (157.08ms)
Completed 200 OK in 182ms (Views: 168.7ms | ActiveRecord: 7.0ms | Allocations: 36005)


